Arguments: 
  C:\Program Files\nodejs\node.exe C:\Users\shahi\AppData\Roaming\npm\node_modules\yarn\bin\yarn.js init

PATH: 
  C:\Users\shahi\bin;C:\Program Files\Git\mingw64\bin;C:\Program Files\Git\usr\local\bin;C:\Program Files\Git\usr\bin;C:\Program Files\Git\usr\bin;C:\Program Files\Git\mingw64\bin;C:\Program Files\Git\usr\bin;C:\Users\shahi\bin;C:\Program Files (x86)\Intel\iCLS Client;C:\Program Files\Intel\iCLS Client;C:\Windows\system32;C:\Windows;C:\Windows\System32\Wbem;C:\Windows\System32\WindowsPowerShell\v1.0;C:\Program Files (x86)\Intel\Intel(R) Management Engine Components\DAL;C:\Program Files\Intel\Intel(R) Management Engine Components\DAL;C:\Program Files (x86)\Intel\Intel(R) Management Engine Components\IPT;C:\Program Files\Intel\Intel(R) Management Engine Components\IPT;C:\Program Files (x86)\NVIDIA Corporation\PhysX\Common;C:\WINDOWS\system32;C:\WINDOWS;C:\WINDOWS\System32\Wbem;C:\WINDOWS\System32\WindowsPowerShell\v1.0;C:\Program Files\nodejs;C:\Users\shahi\AppData\Local\Microsoft\WindowsApps;C:\Users\shahi\AppData\Roaming\npm;C:\Program Files (x86)\Microsoft VS Code\bin;C:\Program Files\Git\usr\bin\vendor_perl;C:\Program Files\Git\usr\bin\core_perl

Yarn version: 
  1.3.2

Node version: 
  6.11.0

Platform: 
  win32 x64

npm manifest: 
  No manifest

yarn manifest: 
  No manifest

Lockfile: 
  No lockfile

Trace: 
  Error: Can't answer a question unless a user TTY
      at ConsoleReporter.question (C:\Users\shahi\AppData\Roaming\npm\node_modules\yarn\lib\cli.js:87314:59)
      at Object.<anonymous> (C:\Users\shahi\AppData\Roaming\npm\node_modules\yarn\lib\cli.js:81822:38)
      at next (native)
      at step (C:\Users\shahi\AppData\Roaming\npm\node_modules\yarn\lib\cli.js:92:30)
      at C:\Users\shahi\AppData\Roaming\npm\node_modules\yarn\lib\cli.js:103:13
      at process._tickCallback (internal/process/next_tick.js:109:7)
